0 info it worked if it ends with ok
1 verbose cli [ 'D:\\1-program\\04-nodejs\\node.exe',
1 verbose cli   'D:\\1-program\\04-nodejs\\node_modules\\npm\\bin\\npm-cli.js',
1 verbose cli   'start' ]
2 info using npm@3.10.3
3 info using node@v6.7.0
4 verbose stack Error: ENOENT: no such file or directory, open 'D:\3-learn\1stMickle\package.json'
4 verbose stack     at Error (native)
5 verbose cwd D:\3-learn\1stMickle
6 error Windows_NT 6.1.7601
7 error argv "D:\\1-program\\04-nodejs\\node.exe" "D:\\1-program\\04-nodejs\\node_modules\\npm\\bin\\npm-cli.js" "start"
8 error node v6.7.0
9 error npm  v3.10.3
10 error path D:\3-learn\1stMickle\package.json
11 error code ENOENT
12 error errno -4058
13 error syscall open
14 error enoent ENOENT: no such file or directory, open 'D:\3-learn\1stMickle\package.json'
15 error enoent ENOENT: no such file or directory, open 'D:\3-learn\1stMickle\package.json'
15 error enoent This is most likely not a problem with npm itself
15 error enoent and is related to npm not being able to find a file.
16 verbose exit [ -4058, true ]
